<?xml version="1.0" encoding="UTF-8"?>
<!-- Generated by org.testng.reporters.JUnitReportReporter -->
<testsuite hostname="Thes-MacBook-Pro.local" failures="0" tests="1" name="tests.ToDo_Android" time="17.528" errors="0" timestamp="03 Jul 2024 03:19:27 GMT" skipped="0">
  <testcase classname="tests.ToDo_Android" name="test_add_task" time="17.528"/>
</testsuite> <!-- tests.ToDo_Android -->
